INFO:__main__:Song construction
INFO:elements.song_lyrics:None passed, beware! should only be passed during json parsing
INFO:elements.song_lyrics:None passed, beware! should only be passed during json parsing
INFO:__main__:Song constructed at time: 0.008001565933227539
INFO:__main__:Song construction
INFO:elements.song_lyrics:None passed, beware! should only be passed during json parsing
INFO:elements.song_lyrics:None passed, beware! should only be passed during json parsing
INFO:__main__:Song constructed at time: 0.004000425338745117
INFO:__main__:Song construction
INFO:elements.song_lyrics:None passed, beware! should only be passed during json parsing
INFO:elements.song_lyrics:None passed, beware! should only be passed during json parsing
INFO:__main__:Song constructed at time: 0.0010259151458740234
INFO:__main__:Song construction
INFO:elements.song_lyrics:None passed, beware! should only be passed during json parsing
INFO:elements.song_lyrics:None passed, beware! should only be passed during json parsing
INFO:__main__:Song constructed at time: 0.0010237693786621094
INFO:__main__:Song construction
INFO:__main__:Song construction
INFO:elements.song_lyrics:None passed, beware! should only be passed during json parsing
INFO:elements.song_lyrics:None passed, beware! should only be passed during json parsing
INFO:__main__:Song constructed at time: 0.006012678146362305
INFO:__main__:Song construction
INFO:elements.song_lyrics:None passed, beware! should only be passed during json parsing
INFO:elements.song_lyrics:None passed, beware! should only be passed during json parsing
INFO:__main__:Song constructed at time: 0.00299835205078125
INFO:__main__:Song construction
INFO:elements.song_lyrics:None passed, beware! should only be passed during json parsing
INFO:elements.song_lyrics:None passed, beware! should only be passed during json parsing
INFO:__main__:Song constructed at time: 0.002003908157348633
INFO:__main__:Song construction
INFO:elements.song_lyrics:None passed, beware! should only be passed during json parsing
INFO:elements.song_lyrics:None passed, beware! should only be passed during json parsing
INFO:__main__:Song constructed at time: 0.0019969940185546875
INFO:__main__:Song construction
INFO:elements.song_lyrics:None passed, beware! should only be passed during json parsing
INFO:elements.song_lyrics:None passed, beware! should only be passed during json parsing
INFO:__main__:Song constructed at time: 0.009999752044677734
INFO:elements.song_lyrics:None passed, beware! should only be passed during json parsing
INFO:elements.song_lyrics:None passed, beware! should only be passed during json parsing
INFO:elements.song_lyrics:None passed, beware! should only be passed during json parsing
INFO:elements.song_lyrics:None passed, beware! should only be passed during json parsing
INFO:httpx:HTTP Request: POST https://api.assemblyai.com/v2/upload "HTTP/1.1 200 OK"
INFO:httpx:HTTP Request: POST https://api.assemblyai.com/v2/transcript "HTTP/1.1 200 OK"
INFO:httpx:HTTP Request: GET https://api.assemblyai.com/v2/transcript/0012f025-0971-43ad-b813-ce3ef5ff0cb5 "HTTP/1.1 200 OK"
INFO:httpx:HTTP Request: GET https://api.assemblyai.com/v2/transcript/0012f025-0971-43ad-b813-ce3ef5ff0cb5 "HTTP/1.1 200 OK"
INFO:httpx:HTTP Request: GET https://api.assemblyai.com/v2/transcript/0012f025-0971-43ad-b813-ce3ef5ff0cb5 "HTTP/1.1 200 OK"
INFO:httpx:HTTP Request: GET https://api.assemblyai.com/v2/transcript/0012f025-0971-43ad-b813-ce3ef5ff0cb5/word-search?words=Why%2Cyou%2Calways%2Cin%2Cthe%2Cmood%3F%2CFucking%2Caround%2Cacting%2Cbrand%2Cnew%2CI%2Cain%27t%2Ctrying%2Cto%2Ctell%2Cyou%2Cwhat%2Cto%2Cdo%2Cbut%2Ctry%2Cto%2Cplay%2Ccool%2C%2Cbaby%2CI%2Cain%27t%2Cplaying%2Cby%2Cyour%2Crules%2Ceverything%2Clook%2Cbetter%2Cwith%2Ca%2Cview%2Cwhile%2Cyou%2Calways%2Cin%2Cthe%2Cmood%2Cfucking%2Caround%2Clike%2CI%27m%2Cbrand%2Cnew%2CI%2Cain%27t%2Ctrying%2Cto%2Ctell%2Cyou%2Cwhat%2Cto%2Cdo%2Cbut%2Ctry%2Cto%2Cplay%2Ccool%2C%2Cbaby%2CI%2Cain%27t%2Cplaying%2Cby%2Cyour%2Crules%2Ceverything%2Clook%2Cbetter%2Cwith%2Cyou%2CI%2Ccan%2Cnever%2Cget%2Cattached%2Cwhen%2CI%2Cstart%2Cto%2Cfeel%2CI%2Cunattached%2Csomewhere%2CI%2Cwas%2Cin%2Ca%2Cfeeling%2Cbad%2Cmaybe%2CI%2Cam%2Cnot%2Cyour%2Cdad%2Cit%27s%2Cnot%2Call%2Cyou%2Cwant%2Cfrom%2Cme%2CI%2Cjust%2Cwant%2Cyour%2Ccompany%2Cgirl%2Cit%27s%2Cobvious%2Celephant%2Cin%2Cthe%2Croom%2C%2Cwe%27re%2Cpart%2Cof%2Cit%2Cdon%27t%2Cact%2Cso%2Cconfused%2Cand%2Cyou%2Cup%2Cstarting%2Cit%2Cnow%2CI%27m%2Cin%2Cthe%2Cmood%2Cnow%2Cwe%2Carguing%2Cin%2Cmy%2Cbedroom%2Cwe%2Cplay%2Cgames%2Cof%2Clove%2Cto%2Cavoid%2Cthe%2Cdepression%2Cwe%27ve%2Cbeen%2Chere%2Cbefore%2Cand%2CI%2Cwon%27t%2Cbe%2Ca%2Cvictim%2Cwhy%2Cyou%2Calways%2Cin%2Cthe%2Cmood%3F%2CFuck%2Caround%2C%2CI%2Ccan%2Cbrand%2Cnew%2CI%2Cain%27t%2Ctrying%2Cto%2Ctell%2Cyou%2Cwhat%2Cto%2Cdo%2Cbut%2Ctry%2Cto%2Cplay%2Ccool%2C%2Cbaby%2CI%2Cain%27t%2Cplaying%2Cby%2Cyour%2Crules%2Ceverything%2Clook%2Cbetter%2Cwith%2Ca%2Cview%2Cwhile%2Cyou%2Calways%2Cin%2Cthe%2Cmood%2Cfucking%2Caround%2Clike%2CI%27m%2Cbrand%2Cnew%2CI%2Cain%27t%2Ctrying%2Cto%2Ctell%2Cyou%2Cwhat%2Cto%2Cdo%2Cbut%2Ctry%2Cto%2Cplay%2Ccool%2C%2Cbaby%2CI%2Cain%27t%2Cplaying%2Cby%2Cyour%2Crules%2Ceverything%2Clook%2Cbetter%2Cwith%2Ca%2Cview%2Cso%2Care%2Cyou%2Ctrying%2Cto%2Cplay%2Cyour%2Clove%2Con%2Ca%2Cregular%2Cwhen%2Cyou%2Ccould%2Cbe%2Cblowing%2Cup%3F%2CI%27m%2Cgonna%2Cshow%2Cyou%2Clove%2CI%2Cwill%2Cnever%2Clet%2Ca%2Cshuttie%2Cgo%2Cand%2Cset%2Cme%2Cup%2Conly%2Cthing%2CI%2Cneed%2Cto%2Cknow%2Cis%2Cif%2Cyou%2Cwet%2Cenough%2CI%27m%2Ctalking%2Cslick%2Cback%2Ckickback%2Cgangs%2Chave%2Cbeen%2Cparties%2Cyou%2Ckeep%2Cplaying%2Con%2Cthe%2Cother%2Cday%2Cwith%2Cyour%2Csorting%2Cmismatch%2Cfish%2Cthat%2Cwas%2Cway%2Cbefore%2Cyou%2Cknow%2Cme%2C%2Cgot%2Ca%2Clot%2Cof%2Clove%2Cbut%2Cyou%2Cbetter%2Csave%2Cit%2Cfor%2Cme%2Cwe%2Cplay%2Cgames%2Cof%2Clove%2Cto%2Cavoid%2Cthe%2Cdepression%2Cwe%27ve%2Cbeen%2Chere%2Cbefore%2Cand%2CI%2Cwon%27t%2Cbe%2Ca%2Cbit%2Cwhy%2Cyou%2Calways%2Cin%2Cthe%2Cmood%3F%2CFucking%2Caround%2Cacting%2Cbrand%2Cnew%2CI%2Cain%27t%2Ctrying%2Cto%2Ctell%2Cyou%2Cwhat%2Cto%2Cdo%2Cbut%2Ctry%2Cto%2Cplay%2Ccool%2C%2Cbaby%2CI%27m%2Cplaying%2Cby%2Cyour%2Crules%2Ceverything%2Clook%2Cbetter%2Cwith%2Ca%2Cview%2Cwhile%2Cyou%2Calways%2Cin%2Cthe%2Cmood%2Cwalking%2Caround%2Clike%2CI%27m%2Cbrand%2Cnew%2CI%2Cain%27t%2Ctrying%2Cto%2Ctell%2Cyou%2Cwhat%2Cto%2Cdo%2Cbut%2Ctry%2Cto%2Cplay%2Ccool%2C%2Cbaby%2CI%2Cain%27t%2Cplaying%2Cby%2Cyour%2Crules%2Ceverything%2Clook%2Cbetter%2Cwith%2Ca%2Cview. "HTTP/1.1 200 OK"
INFO:elements.song_lyrics:None passed, beware! should only be passed during json parsing
INFO:elements.song_lyrics:None passed, beware! should only be passed during json parsing
